[14:25:39] [main/INFO] (Entrypoint) JVM Uptime at startup: 10720ms
[14:25:39] [main/INFO] (FMLLoader) Starting FancyModLoader version 10.0.14 (CLIENT in DEV)
[14:25:39] [main/INFO] (FMLLoader) Game directory: D:\FNAF-Jumpscare\neoforge\run
[14:25:39] [main/INFO] (EarlyServiceDiscovery) Found 0 early service jars (out of 0) in 2ms
[14:25:39] [main/INFO] (ImmediateWindowHandler) Loading ImmediateWindowProvider fmlearlywindow
[14:25:40] [ForkJoinPool.commonPool-worker-10/INFO] (GameLocator) Detected a joined NeoForge and Minecraft configuration. Applying filtering...
[14:25:41] [ForkJoinPool.commonPool-worker-10/INFO] (ModDiscoverer) Found mod file "client-extra.jar" [locator: game locator]
[14:25:41] [fml-loadingscreen/INFO] (LoadingScreenRenderer) GL info: AMD Radeon(TM) Graphics GL version 3.3.0 Core Profile Context 23.19.21.13.250623, ATI Technologies Inc.
[14:25:41] [ForkJoinPool.commonPool-worker-10/INFO] (ModDiscoverer) Found mod file "neoforge-21.9.16-beta-minecraft-merged-1.21.9-loom.mappings.1_21_9.layered+hash.40359-v2-neoforge-21.9.16-beta.jar" [locator: game locator]
[14:25:41] [ForkJoinPool.commonPool-worker-10/INFO] (InDevFolderLocator) Got mod coordinates main%%D:\FNAF-Jumpscare\neoforge\build\resources\main;main%%D:\FNAF-Jumpscare\neoforge\build\classes\java\main;main%%D:\FNAF-Jumpscare\neoforge\out\production\classes;main%%D:\FNAF-Jumpscare\neoforge\out\production\resources from env
[14:25:41] [ForkJoinPool.commonPool-worker-10/INFO] (ModDiscoverer) Found mod file "main" [locator: indevfolder, reader: mod manifest]
[14:25:41] [ForkJoinPool.commonPool-worker-10/INFO] (ModDiscoverer) Found mod file "4813777720645697023.jar" [locator: indevjar, reader: mod manifest]
[14:25:41] [ForkJoinPool.commonPool-worker-10/INFO] (ModDiscoverer) Found gamelibrary file "mixinextras-neoforge-0.5.0.jar" [locator: indevjar, reader: mod manifest]
[14:25:41] [ForkJoinPool.commonPool-worker-10/WARN] (JarSelector) Attempted to select a dependency jar for JarJar which was passed in as source: library:mixinextras.neoforge. Using Jar[C:\Users\leevo\.gradle\caches\modules-2\files-2.1\io.github.llamalad7\mixinextras-neoforge\0.5.0\d734b83ce6542bb70ea31755c1595b88992dbe65\mixinextras-neoforge-0.5.0.jar]
[14:25:41] [ForkJoinPool.commonPool-worker-10/INFO] (JarInJarDependencyLocator) Found 1 dependencies adding them to mods collection
[14:25:41] [ForkJoinPool.commonPool-worker-10/INFO] (ModDiscoverer) Found library file "net.neoforged.neoforge-coremods-21.9.16-beta.jar" [parent: neoforge-21.9.16-beta-minecraft-merged-1.21.9-loom.mappings.1_21_9.layered+hash.40359-v2-neoforge-21.9.16-beta.jar, locator: jarinjar, reader: mod manifest]
[14:25:41] [ForkJoinPool.commonPool-worker-10/INFO] (ModDiscoverer) 
     Mod List:
		Name Version (Mod Id)

		FNAF-Jumpscare 1.3.6 (fnafmod)
		generated_22be842 1 (generated_22be842)
		Minecraft 1.21.9 (minecraft)
		NeoForge 21.9.16-beta (neoforge)
[14:25:41] [main/INFO] (mixin) SpongePowered MIXIN Subsystem Version=0.8.7 Source=file:/C:/Users/leevo/.gradle/caches/modules-2/files-2.1/net.fabricmc/sponge-mixin/0.16.4+mixin.0.8.7/26d01f0567ab46e9ca0d2ed89d0ecc11aadbd433/sponge-mixin-0.16.4+mixin.0.8.7.jar Service=FML Env=CLIENT
[14:25:41] [main/INFO] (FMLLoader) Loading FML Plugins:
[14:25:41] [main/INFO] (FMLLoader)  - .cache/jij/51629231fe2baaddd60d570ef06ada2b2f1fe8a34133e63afdd748b9ef93f9f1/net.neoforged.neoforge-coremods-21.9.16-beta.jar
[14:25:41] [main/INFO] (unprotect) Initializing Unprotect using FancyModLoader backend, target: Minecraft and loader classes (minecraft+forge)
[14:25:41] [main/INFO] (FMLLoader) Building game content classloader:
 - fnafmod (composite(folder(D:\FNAF-Jumpscare\neoforge\build\resources\main), folder(D:\FNAF-Jumpscare\neoforge\build\classes\java\main)))
 - generated_22be842 (jar(C:\Users\leevo\AppData\Local\Temp\4813777720645697023.jar))
 - minecraft (composite(jar(C:\Users\leevo\.gradle\caches\fabric-loom\1.21.9\neoforge\21.9.16-beta\client-extra.jar), filtered(jar(C:\Users\leevo\.gradle\caches\fabric-loom\minecraftMaven\net\minecraft\neoforge-21.9.16-beta-minecraft-merged\1.21.9-loom.mappings.1_21_9.layered+hash.40359-v2-neoforge-21.9.16-beta\neoforge-21.9.16-beta-minecraft-merged-1.21.9-loom.mappings.1_21_9.layered+hash.40359-v2-neoforge-21.9.16-beta.jar))))
 - mixinextras.neoforge (jar(C:\Users\leevo\.gradle\caches\modules-2\files-2.1\io.github.llamalad7\mixinextras-neoforge\0.5.0\d734b83ce6542bb70ea31755c1595b88992dbe65\mixinextras-neoforge-0.5.0.jar))
 - neoforge (composite(filtered(jar(C:\Users\leevo\.gradle\caches\fabric-loom\minecraftMaven\net\minecraft\neoforge-21.9.16-beta-minecraft-merged\1.21.9-loom.mappings.1_21_9.layered+hash.40359-v2-neoforge-21.9.16-beta\neoforge-21.9.16-beta-minecraft-merged-1.21.9-loom.mappings.1_21_9.layered+hash.40359-v2-neoforge-21.9.16-beta.jar))))
 - net.neoforged.fml.generated (empty(VirtualJar\net.neoforged.fml.generated))
[14:25:41] [main/INFO] (FMLLoader) Built game content classloader in 147ms
[14:25:41] [main/WARN] (MixinFacade) Mod file Jar[D:\FNAF-Jumpscare\neoforge\build\resources\main] declares mixin config fnafmod.mixins.json, but it actually comes from Jar[C:\Users\leevo\AppData\Local\Temp\4813777720645697023.jar]
[14:25:42] [main/INFO] (unprotect) Found 9922 Minecraft classes
[14:25:43] [main/WARN] (PerfmonDisabled) Invalid registry value type detected for PerfOS counters. Should be REG_DWORD. Ignoring: HKEY_LOCAL_MACHINE\SYSTEM\CurrentControlSet\Services\PerfOS\Performance\Disable Performance Counters.
[14:25:43] [Datafixer Bootstrap/INFO] (Minecraft) 281 Datafixer optimizations took 561 milliseconds
[14:25:44] [pool-12-thread-1/INFO] (MixinExtras|Service) Initializing MixinExtras via com.llamalad7.mixinextras.service.MixinExtrasServiceImpl(version=0.5.0).
[14:25:50] [main/WARN] (Minecraft) Ambiguity between arguments [teleport, location] and [teleport, destination] with inputs: [0.1 -0.5 .9, 0 0 0]
[14:25:50] [main/WARN] (Minecraft) Ambiguity between arguments [teleport, location] and [teleport, targets] with inputs: [0.1 -0.5 .9, 0 0 0]
[14:25:50] [main/WARN] (Minecraft) Ambiguity between arguments [teleport, destination] and [teleport, targets] with inputs: [Player, 0123, @e, dd12be42-52a9-4a91-a8a1-11c01849e498]
[14:25:50] [main/WARN] (Minecraft) Ambiguity between arguments [teleport, targets] and [teleport, destination] with inputs: [Player, 0123, dd12be42-52a9-4a91-a8a1-11c01849e498]
[14:25:50] [main/WARN] (Minecraft) Ambiguity between arguments [teleport, targets, location] and [teleport, targets, destination] with inputs: [0.1 -0.5 .9, 0 0 0]
[14:25:50] [main/WARN] (Minecraft) Ambiguity between arguments [waypoint, modify, waypoint, color, reset] and [waypoint, modify, waypoint, color, color] with inputs: [reset]
[14:25:50] [modloading-worker-0/INFO] (NeoForgeMod) NeoForge mod loading, version 21.9.16-beta, for MC 1.21.9
[14:25:50] [Render thread/INFO] (Minecraft) Environment: Environment[sessionHost=https://sessionserver.mojang.com, servicesHost=https://api.minecraftservices.com, profilesHost=https://api.mojang.com, name=PROD]
[14:25:50] [Render thread/INFO] (Minecraft) Setting user: Dev
[14:25:51] [Render thread/INFO] (Minecraft) Backend library: LWJGL version 3.3.3+5
[14:25:51] [Render thread/INFO] (Minecraft) Using optional rendering extensions: GL_ARB_buffer_storage, GL_KHR_debug, GL_ARB_vertex_attrib_binding, GL_ARB_direct_state_access
[14:25:51] [Download-2/ERROR] (Minecraft) Failed to fetch user properties
com.mojang.authlib.exceptions.InvalidCredentialsException: Status: 401
	at com.mojang.authlib.exceptions.MinecraftClientHttpException.toAuthenticationException(MinecraftClientHttpException.java:59) ~[authlib-7.0.61.jar:?]
	at com.mojang.authlib.yggdrasil.YggdrasilUserApiService.fetchProperties(YggdrasilUserApiService.java:150) ~[authlib-7.0.61.jar:?]
	at TRANSFORMER/minecraft@1.21.9/net.minecraft.client.Minecraft.method_55608(Minecraft.java:437) ~[client-extra.jar:?]
	at java.base/java.util.concurrent.CompletableFuture$AsyncSupply.run(CompletableFuture.java:1768) ~[?:?]
	at java.base/java.util.concurrent.ThreadPoolExecutor.runWorker(ThreadPoolExecutor.java:1144) ~[?:?]
	at java.base/java.util.concurrent.ThreadPoolExecutor$Worker.run(ThreadPoolExecutor.java:642) ~[?:?]
	at java.base/java.lang.Thread.run(Thread.java:1583) [?:?]
Caused by: com.mojang.authlib.exceptions.MinecraftClientHttpException: Status: 401
	at com.mojang.authlib.minecraft.client.MinecraftClient.readInputStream(MinecraftClient.java:103) ~[authlib-7.0.61.jar:?]
	at com.mojang.authlib.minecraft.client.MinecraftClient.get(MinecraftClient.java:56) ~[authlib-7.0.61.jar:?]
	at com.mojang.authlib.yggdrasil.YggdrasilUserApiService.fetchProperties(YggdrasilUserApiService.java:121) ~[authlib-7.0.61.jar:?]
	... 5 more
[14:25:52] [Download-2/INFO] (Minecraft) Could not authorize you against Realms server: java.lang.RuntimeException: Failed to parse into SignedJWT: 0
[14:25:52] [Download-2/ERROR] (Minecraft) Failed to fetch Realms feature flags
com.mojang.realmsclient.exception.RealmsServiceException: Realms authentication error with message 'java.lang.RuntimeException: Failed to parse into SignedJWT: 0'
	at TRANSFORMER/minecraft@1.21.9/com.mojang.realmsclient.client.RealmsClient.execute(RealmsClient.java:522) ~[client-extra.jar:?]
	at TRANSFORMER/minecraft@1.21.9/com.mojang.realmsclient.client.RealmsClient.fetchFeatureFlags(RealmsClient.java:163) ~[client-extra.jar:?]
	at java.base/java.util.concurrent.CompletableFuture$AsyncSupply.run(CompletableFuture.java:1768) ~[?:?]
	at java.base/java.util.concurrent.ThreadPoolExecutor.runWorker(ThreadPoolExecutor.java:1144) ~[?:?]
	at java.base/java.util.concurrent.ThreadPoolExecutor$Worker.run(ThreadPoolExecutor.java:642) ~[?:?]
	at java.base/java.lang.Thread.run(Thread.java:1583) [?:?]
[14:25:52] [Render thread/INFO] (Minecraft) Reloading ResourceManager: vanilla, mod_resources, mod/fnafmod, mod/generated_22be842, mod/neoforge
[14:25:52] [resourceLoad/INFO] (Minecraft) Found unifont_all_no_pua-16.0.03.hex, loading
[14:25:52] [resourceLoad/INFO] (Minecraft) Found unifont_pua-16.0.03.hex, loading
[14:25:52] [resourceLoad/INFO] (Minecraft) Found unifont_jp_patch-16.0.03.hex, loading
[14:25:54] [Render thread/INFO] (Minecraft) OpenAL initialized on device OpenAL Soft on Speakers (SteelSeries Arctis 9X Headset)
[14:25:54] [Render thread/INFO] (Minecraft) Sound engine started
[14:25:54] [Render thread/INFO] (Minecraft) Created: 512x256x0 minecraft:textures/atlas/particles.png-atlas
[14:25:54] [Render thread/INFO] (Minecraft) Created: 128x64x0 minecraft:textures/atlas/decorated_pot.png-atlas
[14:25:54] [Render thread/INFO] (Minecraft) Created: 2048x1024x0 minecraft:textures/atlas/armor_trims.png-atlas
[14:25:54] [Render thread/INFO] (Minecraft) Created: 512x256x0 minecraft:textures/atlas/paintings.png-atlas
[14:25:54] [Render thread/INFO] (Minecraft) Created: 512x512x0 minecraft:textures/atlas/shield_patterns.png-atlas
[14:25:54] [Render thread/INFO] (Minecraft) Created: 1024x512x4 minecraft:textures/atlas/blocks.png-atlas
[14:25:54] [Render thread/INFO] (Minecraft) Created: 512x256x0 minecraft:textures/atlas/chest.png-atlas
[14:25:54] [Render thread/INFO] (Minecraft) Created: 512x512x0 minecraft:textures/atlas/banner_patterns.png-atlas
[14:25:54] [Render thread/INFO] (Minecraft) Created: 512x256x0 minecraft:textures/atlas/beds.png-atlas
[14:25:54] [Render thread/INFO] (Minecraft) Created: 1024x512x0 minecraft:textures/atlas/gui.png-atlas
[14:25:54] [Render thread/INFO] (Minecraft) Created: 64x64x0 minecraft:textures/atlas/map_decorations.png-atlas
[14:25:54] [Render thread/INFO] (Minecraft) Created: 256x256x0 minecraft:textures/atlas/signs.png-atlas
[14:25:54] [Render thread/INFO] (Minecraft) Created: 512x256x0 minecraft:textures/atlas/shulker_boxes.png-atlas
[14:25:54] [Render thread/INFO] (AnimationLoader) Loaded 0 entity animations
[14:25:54] [Render thread/ERROR] (ClassTransformStatistics) Class processor unprotect:processor transformed 85.01% of loaded class which is suspiciously high; it may be attempting mass-ASM. Please report this to the mod author.
[14:25:54] [IO-Worker-1/INFO] (Minecraft) Could not authorize you against Realms server: java.lang.RuntimeException: Failed to parse into SignedJWT: 0
[14:25:54] [IO-Worker-1/ERROR] (Minecraft) Couldn't connect to realms
com.mojang.realmsclient.exception.RealmsServiceException: Realms authentication error with message 'java.lang.RuntimeException: Failed to parse into SignedJWT: 0'
	at TRANSFORMER/minecraft@1.21.9/com.mojang.realmsclient.client.RealmsClient.execute(RealmsClient.java:522) ~[client-extra.jar:?]
	at TRANSFORMER/minecraft@1.21.9/com.mojang.realmsclient.client.RealmsClient.clientCompatible(RealmsClient.java:292) ~[client-extra.jar:?]
	at TRANSFORMER/minecraft@1.21.9/com.mojang.realmsclient.RealmsAvailability.method_52627(RealmsAvailability.java:51) ~[client-extra.jar:?]
	at java.base/java.util.concurrent.CompletableFuture$AsyncSupply.run(CompletableFuture.java:1768) ~[?:?]
	at java.base/java.util.concurrent.ThreadPoolExecutor.runWorker(ThreadPoolExecutor.java:1144) ~[?:?]
	at java.base/java.util.concurrent.ThreadPoolExecutor$Worker.run(ThreadPoolExecutor.java:642) ~[?:?]
	at java.base/java.lang.Thread.run(Thread.java:1583) [?:?]
[14:26:41] [Render thread/ERROR] (ClassTransformStatistics) Class processor unprotect:processor transformed 85.03% of loaded class which is suspiciously high; it may be attempting mass-ASM. Please report this to the mod author.
[14:26:41] [Render thread/INFO] (Minecraft) Stopping!
